Fri 13 Dec 2024 19:40:00 INFO  ['/home/chillypepper/anaconda3/envs/mamba4rec/lib/python3.8/site-packages/ipykernel_launcher.py', '--f=/home/chillypepper/.local/share/jupyter/runtime/kernel-v3e7643b558b1b47c224b0904487f63f7ef3d055bf.json']
Fri 13 Dec 2024 19:40:00 INFO  
General Hyper Parameters:
gpu_id = 0
use_gpu = True
seed = 42
state = INFO
reproducibility = True
data_path = dataset/foursquare_NYC
checkpoint_dir = SavedData
show_progress = True
save_dataset = True
dataset_save_path = SavedData/foursquare_NYC-FourSquare.pth
save_dataloaders = True
dataloaders_save_path = 
log_wandb = False

Training Hyper Parameters:
epochs = 200
train_batch_size = 100
learner = adam
learning_rate = 0.001
train_neg_sample_args = {'distribution': 'popularity', 'alpha': 0.5, 'dynamic': False, 'sample_num': 5, 'candidate_num': 0}
eval_step = 1
stopping_step = 10
clip_grad_norm = None
weight_decay = 0.0
loss_decimal_place = 4

Evaluation Hyper Parameters:
eval_args = {'split': {'RS': [0.8, 0.1, 0.1]}, 'order': 'TO', 'group_by': 'user', 'mode': {'valid': 'labeled', 'test': 'labeled'}, 'spilt': {'RS': [0.7, 0.1, 0.2]}, 'gourp_by': 'user_id', 'max_seq_len': 20, 'metrics': ['Recall@1', 'Recall@20', 'MRR@20']}
repeatable = True
metrics = ['Recall', 'MRR']
topk = [20]
valid_metric = MRR@20
valid_metric_bigger = True
eval_batch_size = 100
metric_decimal_place = 4

Dataset Hyper Parameters:
field_separator = 	
seq_separator =  
USER_ID_FIELD = user_id
ITEM_ID_FIELD = venue_id
RATING_FIELD = rating
TIME_FIELD = timestamp
seq_len = None
LABEL_FIELD = label
threshold = None
NEG_PREFIX = neg_
load_col = {'inter': ['user_id', 'venue_id', 'venue_id_list', 'timestamp'], 'item': ['venue_id', 'latitude', 'longitude', 'venue_category_id']}
unload_col = None
unused_col = None
additional_feat_suffix = None
rm_dup_inter = None
val_interval = None
filter_inter_by_user_or_item = True
user_inter_num_interval = [0,inf)
item_inter_num_interval = [0,inf)
alias_of_user_id = None
alias_of_item_id = None
alias_of_entity_id = None
alias_of_relation_id = None
preload_weight = None
normalize_field = None
normalize_all = None
ITEM_LIST_LENGTH_FIELD = venue_seq_len
LIST_SUFFIX = _list
MAX_ITEM_LIST_LENGTH = 100
POSITION_FIELD = position_id
HEAD_ENTITY_ID_FIELD = head_id
TAIL_ENTITY_ID_FIELD = tail_id
RELATION_ID_FIELD = relation_id
ENTITY_ID_FIELD = entity_id
benchmark_filename = None

Other Hyper Parameters: 
worker = 0
wandb_project = recbole
shuffle = True
require_pow = False
enable_amp = False
enable_scaler = False
transform = None
numerical_features = []
discretization = None
kg_reverse_r = False
entity_kg_num_interval = [0,inf)
relation_kg_num_interval = [0,inf)
MODEL_TYPE = ModelType.SEQUENTIAL
logging = {'level': 'DEBUG'}
hidden_size = 128
num_layers = 1
dropout_prob = 0.2
loss_type = BPR
d_state = 32
d_conv = 4
expand = 2
Use_CustomDataset = True
Use_CustomSampler = False
Use_CustomDataloader = True
single_spec = True
MODEL_INPUT_TYPE = InputType.PAIRWISE
eval_type = EvaluatorType.RANKING
local_rank = 0
device = cuda
valid_neg_sample_args = {'distribution': 'none', 'sample_num': 'none'}
test_neg_sample_args = {'distribution': 'none', 'sample_num': 'none'}


Fri 13 Dec 2024 19:40:01 INFO  foursquare_NYC
The number of users: 1084
Average actions of users: 209.99815327793166
The number of items: 38334
Average actions of items: 5.932955938747294
The number of inters: 227428
The sparsity of the dataset: 99.45269361912588%
Remain Fields: ['user_id', 'venue_id', 'timestamp', 'venue_category_id', 'latitude', 'longitude']
Fri 13 Dec 2024 19:40:01 INFO  Mamba4POI(
  (item_embedding): Embedding(38334, 128, padding_idx=0)
  (LayerNorm): LayerNorm((128,), eps=1e-12, elementwise_affine=True)
  (dropout): Dropout(p=0.2, inplace=False)
  (mamba_layers): ModuleList(
    (0): MambaLayer(
      (mamba): Mamba(
        (in_proj): Linear(in_features=128, out_features=512, bias=False)
        (conv1d): Conv1d(256, 256, kernel_size=(4,), stride=(1,), padding=(3,), groups=256)
        (act): SiLU()
        (x_proj): Linear(in_features=256, out_features=72, bias=False)
        (dt_proj): Linear(in_features=8, out_features=256, bias=True)
        (out_proj): Linear(in_features=256, out_features=128, bias=False)
      )
      (dropout): Dropout(p=0.2, inplace=False)
      (LayerNorm): LayerNorm((128,), eps=1e-12, elementwise_affine=True)
      (ffn): FeedForward(
        (w_1): Linear(in_features=128, out_features=512, bias=True)
        (w_2): Linear(in_features=512, out_features=128, bias=True)
        (activation): GELU(approximate='none')
        (dropout): Dropout(p=0.2, inplace=False)
        (LayerNorm): LayerNorm((128,), eps=1e-12, elementwise_affine=True)
      )
    )
  )
  (loss_fct): BPRLoss()
)
Trainable parameters: 5168000
